current_tax29.3_28.82_29.3_28.82_28.34_28.82_29.3_28.82_29.3_29.78_29.3_28.82_29.3_29.3_29.3_29.3_29.78_29.78_30.26_
current_tax29.3_28.82_29.3_28.82_28.34_28.82_29.3_28.82_29.3_29.78_29.3_28.82_29.3_29.3_29.3_29.3_29.78_29.78_30.26_
current_tax29.3_28.82_29.3_28.82_28.34_28.82_29.3_28.82_29.3_29.78_29.3_28.82_29.3_29.3_29.3_29.3_29.78_29.78_30.26_
current_tax29.3_28.82_29.3_28.82_28.34_28.82_29.3_28.82_29.3_29.78_29.3_28.82_29.3_29.3_29.3_29.3_29.78_29.78_30.26_
current_tax54.22_53.02_51.82_50.62_49.42_48.22_49.42_50.62_49.42_48.22_49.42_50.62_51.82_51.82_51.82_51.82_50.62_50.62_49.42_
current_tax54.22_53.02_51.82_50.62_49.42_48.22_49.42_50.62_49.42_48.22_49.42_50.62_51.82_51.82_51.82_51.82_50.62_50.62_49.42_
current_tax54.22_53.02_51.82_50.62_49.42_48.22_49.42_50.62_49.42_48.22_49.42_50.62_51.82_51.82_51.82_51.82_50.62_50.62_49.42_
current_tax85.74_83.34_85.74_88.14_85.74_83.34_85.74_83.34_80.94_78.54_80.94_78.54_80.94_80.94_80.94_80.94_83.34_83.34_85.74_
current_tax85.74_83.34_85.74_88.14_85.74_83.34_85.74_83.34_80.94_78.54_80.94_78.54_80.94_80.94_80.94_80.94_83.34_83.34_85.74_
current_tax205.54_208.54_211.54_208.54_211.54_208.54_205.54_202.54_205.54_208.54_205.54_208.54_211.54_211.54_211.54_211.54_208.54_208.54_211.54_
current_tax205.54_208.54_211.54_208.54_211.54_208.54_205.54_202.54_205.54_208.54_205.54_208.54_211.54_211.54_211.54_211.54_208.54_208.54_211.54_
current_tax205.54_208.54_211.54_208.54_211.54_208.54_205.54_202.54_205.54_208.54_205.54_208.54_211.54_211.54_211.54_211.54_208.54_208.54_211.54_
current_tax205.54_208.54_211.54_208.54_211.54_208.54_205.54_202.54_205.54_208.54_205.54_208.54_211.54_211.54_211.54_211.54_208.54_208.54_211.54_
current_tax205.54_208.54_211.54_208.54_211.54_208.54_205.54_202.54_205.54_208.54_205.54_208.54_211.54_211.54_211.54_211.54_208.54_208.54_211.54_
current_tax205.54_208.54_211.54_208.54_211.54_208.54_205.54_202.54_205.54_208.54_205.54_208.54_211.54_211.54_211.54_211.54_208.54_208.54_211.54_
current_tax205.54_208.54_211.54_208.54_211.54_208.54_205.54_202.54_205.54_208.54_205.54_208.54_211.54_211.54_211.54_211.54_208.54_208.54_211.54_
current_tax508.14_546.54_584.94_546.54_584.94_546.54_584.94_546.54_584.94_546.54_584.94_623.34_584.94_584.94_584.94_584.94_623.34_623.34_584.94_
current_tax508.14_546.54_584.94_546.54_584.94_546.54_584.94_546.54_584.94_546.54_584.94_623.34_584.94_584.94_584.94_584.94_623.34_623.34_584.94_
current_tax29.3_28.82_29.3_28.82_28.34_28.82_29.3_28.82_29.3_29.78_29.3_28.82_29.3_29.3_29.3_29.3_29.78_29.78_30.26_30.74_
current_tax29.3_28.82_29.3_28.82_28.34_28.82_29.3_28.82_29.3_29.78_29.3_28.82_29.3_29.3_29.3_29.3_29.78_29.78_30.26_30.74_
current_tax29.3_28.82_29.3_28.82_28.34_28.82_29.3_28.82_29.3_29.78_29.3_28.82_29.3_29.3_29.3_29.3_29.78_29.78_30.26_30.74_
current_tax29.3_28.82_29.3_28.82_28.34_28.82_29.3_28.82_29.3_29.78_29.3_28.82_29.3_29.3_29.3_29.3_29.78_29.78_30.26_30.74_
current_tax54.22_53.02_51.82_50.62_49.42_48.22_49.42_50.62_49.42_48.22_49.42_50.62_51.82_51.82_51.82_51.82_50.62_50.62_49.42_48.22_
current_tax54.22_53.02_51.82_50.62_49.42_48.22_49.42_50.62_49.42_48.22_49.42_50.62_51.82_51.82_51.82_51.82_50.62_50.62_49.42_48.22_
current_tax54.22_53.02_51.82_50.62_49.42_48.22_49.42_50.62_49.42_48.22_49.42_50.62_51.82_51.82_51.82_51.82_50.62_50.62_49.42_48.22_
current_tax85.74_83.34_85.74_88.14_85.74_83.34_85.74_83.34_80.94_78.54_80.94_78.54_80.94_80.94_80.94_80.94_83.34_83.34_85.74_88.14_
current_tax85.74_83.34_85.74_88.14_85.74_83.34_85.74_83.34_80.94_78.54_80.94_78.54_80.94_80.94_80.94_80.94_83.34_83.34_85.74_88.14_
current_tax205.54_208.54_211.54_208.54_211.54_208.54_205.54_202.54_205.54_208.54_205.54_208.54_211.54_211.54_211.54_211.54_208.54_208.54_211.54_208.54_
current_tax205.54_208.54_211.54_208.54_211.54_208.54_205.54_202.54_205.54_208.54_205.54_208.54_211.54_211.54_211.54_211.54_208.54_208.54_211.54_208.54_
current_tax205.54_208.54_211.54_208.54_211.54_208.54_205.54_202.54_205.54_208.54_205.54_208.54_211.54_211.54_211.54_211.54_208.54_208.54_211.54_208.54_
current_tax205.54_208.54_211.54_208.54_211.54_208.54_205.54_202.54_205.54_208.54_205.54_208.54_211.54_211.54_211.54_211.54_208.54_208.54_211.54_208.54_
current_tax205.54_208.54_211.54_208.54_211.54_208.54_205.54_202.54_205.54_208.54_205.54_208.54_211.54_211.54_211.54_211.54_208.54_208.54_211.54_208.54_
current_tax205.54_208.54_211.54_208.54_211.54_208.54_205.54_202.54_205.54_208.54_205.54_208.54_211.54_211.54_211.54_211.54_208.54_208.54_211.54_208.54_
current_tax205.54_208.54_211.54_208.54_211.54_208.54_205.54_202.54_205.54_208.54_205.54_208.54_211.54_211.54_211.54_211.54_208.54_208.54_211.54_208.54_
current_tax508.14_546.54_584.94_546.54_584.94_546.54_584.94_546.54_584.94_546.54_584.94_623.34_584.94_584.94_584.94_584.94_623.34_623.34_584.94_546.54_
current_tax508.14_546.54_584.94_546.54_584.94_546.54_584.94_546.54_584.94_546.54_584.94_623.34_584.94_584.94_584.94_584.94_623.34_623.34_584.94_546.54_
current_tax29.3_28.82_29.3_28.82_28.34_28.82_29.3_28.82_29.3_29.78_29.3_28.82_29.3_29.3_29.3_29.3_29.78_29.78_30.26_30.74_30.74_
current_tax29.3_28.82_29.3_28.82_28.34_28.82_29.3_28.82_29.3_29.78_29.3_28.82_29.3_29.3_29.3_29.3_29.78_29.78_30.26_30.74_30.74_
current_tax29.3_28.82_29.3_28.82_28.34_28.82_29.3_28.82_29.3_29.78_29.3_28.82_29.3_29.3_29.3_29.3_29.78_29.78_30.26_30.74_30.74_
current_tax29.3_28.82_29.3_28.82_28.34_28.82_29.3_28.82_29.3_29.78_29.3_28.82_29.3_29.3_29.3_29.3_29.78_29.78_30.26_30.74_30.74_
current_tax54.22_53.02_51.82_50.62_49.42_48.22_49.42_50.62_49.42_48.22_49.42_50.62_51.82_51.82_51.82_51.82_50.62_50.62_49.42_48.22_48.22_
current_tax54.22_53.02_51.82_50.62_49.42_48.22_49.42_50.62_49.42_48.22_49.42_50.62_51.82_51.82_51.82_51.82_50.62_50.62_49.42_48.22_48.22_
current_tax54.22_53.02_51.82_50.62_49.42_48.22_49.42_50.62_49.42_48.22_49.42_50.62_51.82_51.82_51.82_51.82_50.62_50.62_49.42_48.22_48.22_
current_tax85.74_83.34_85.74_88.14_85.74_83.34_85.74_83.34_80.94_78.54_80.94_78.54_80.94_80.94_80.94_80.94_83.34_83.34_85.74_88.14_88.14_
current_tax85.74_83.34_85.74_88.14_85.74_83.34_85.74_83.34_80.94_78.54_80.94_78.54_80.94_80.94_80.94_80.94_83.34_83.34_85.74_88.14_88.14_
current_tax205.54_208.54_211.54_208.54_211.54_208.54_205.54_202.54_205.54_208.54_205.54_208.54_211.54_211.54_211.54_211.54_208.54_208.54_211.54_208.54_208.54_
current_tax205.54_208.54_211.54_208.54_211.54_208.54_205.54_202.54_205.54_208.54_205.54_208.54_211.54_211.54_211.54_211.54_208.54_208.54_211.54_208.54_208.54_
current_tax205.54_208.54_211.54_208.54_211.54_208.54_205.54_202.54_205.54_208.54_205.54_208.54_211.54_211.54_211.54_211.54_208.54_208.54_211.54_208.54_208.54_
current_tax205.54_208.54_211.54_208.54_211.54_208.54_205.54_202.54_205.54_208.54_205.54_208.54_211.54_211.54_211.54_211.54_208.54_208.54_211.54_208.54_208.54_
current_tax205.54_208.54_211.54_208.54_211.54_208.54_205.54_202.54_205.54_208.54_205.54_208.54_211.54_211.54_211.54_211.54_208.54_208.54_211.54_208.54_208.54_
current_tax205.54_208.54_211.54_208.54_211.54_208.54_205.54_202.54_205.54_208.54_205.54_208.54_211.54_211.54_211.54_211.54_208.54_208.54_211.54_208.54_208.54_
current_tax205.54_208.54_211.54_208.54_211.54_208.54_205.54_202.54_205.54_208.54_205.54_208.54_211.54_211.54_211.54_211.54_208.54_208.54_211.54_208.54_208.54_
current_tax508.14_546.54_584.94_546.54_584.94_546.54_584.94_546.54_584.94_546.54_584.94_623.34_584.94_584.94_584.94_584.94_623.34_623.34_584.94_546.54_546.54_
current_tax508.14_546.54_584.94_546.54_584.94_546.54_584.94_546.54_584.94_546.54_584.94_623.34_584.94_584.94_584.94_584.94_623.34_623.34_584.94_546.54_546.54_
current_tax29.3_28.82_29.3_28.82_28.34_28.82_29.3_28.82_29.3_29.78_29.3_28.82_29.3_29.3_29.3_29.3_29.78_29.78_30.26_30.74_30.74_30.74_
current_tax29.3_28.82_29.3_28.82_28.34_28.82_29.3_28.82_29.3_29.78_29.3_28.82_29.3_29.3_29.3_29.3_29.78_29.78_30.26_30.74_30.74_30.74_
current_tax29.3_28.82_29.3_28.82_28.34_28.82_29.3_28.82_29.3_29.78_29.3_28.82_29.3_29.3_29.3_29.3_29.78_29.78_30.26_30.74_30.74_30.74_
current_tax29.3_28.82_29.3_28.82_28.34_28.82_29.3_28.82_29.3_29.78_29.3_28.82_29.3_29.3_29.3_29.3_29.78_29.78_30.26_30.74_30.74_30.74_
current_tax54.22_53.02_51.82_50.62_49.42_48.22_49.42_50.62_49.42_48.22_49.42_50.62_51.82_51.82_51.82_51.82_50.62_50.62_49.42_48.22_48.22_48.22_
current_tax54.22_53.02_51.82_50.62_49.42_48.22_49.42_50.62_49.42_48.22_49.42_50.62_51.82_51.82_51.82_51.82_50.62_50.62_49.42_48.22_48.22_48.22_
current_tax54.22_53.02_51.82_50.62_49.42_48.22_49.42_50.62_49.42_48.22_49.42_50.62_51.82_51.82_51.82_51.82_50.62_50.62_49.42_48.22_48.22_48.22_
current_tax85.74_83.34_85.74_88.14_85.74_83.34_85.74_83.34_80.94_78.54_80.94_78.54_80.94_80.94_80.94_80.94_83.34_83.34_85.74_88.14_88.14_88.14_
current_tax85.74_83.34_85.74_88.14_85.74_83.34_85.74_83.34_80.94_78.54_80.94_78.54_80.94_80.94_80.94_80.94_83.34_83.34_85.74_88.14_88.14_88.14_
current_tax205.54_208.54_211.54_208.54_211.54_208.54_205.54_202.54_205.54_208.54_205.54_208.54_211.54_211.54_211.54_211.54_208.54_208.54_211.54_208.54_208.54_208.54_
current_tax205.54_208.54_211.54_208.54_211.54_208.54_205.54_202.54_205.54_208.54_205.54_208.54_211.54_211.54_211.54_211.54_208.54_208.54_211.54_208.54_208.54_208.54_
current_tax205.54_208.54_211.54_208.54_211.54_208.54_205.54_202.54_205.54_208.54_205.54_208.54_211.54_211.54_211.54_211.54_208.54_208.54_211.54_208.54_208.54_208.54_
current_tax205.54_208.54_211.54_208.54_211.54_208.54_205.54_202.54_205.54_208.54_205.54_208.54_211.54_211.54_211.54_211.54_208.54_208.54_211.54_208.54_208.54_208.54_
current_tax205.54_208.54_211.54_208.54_211.54_208.54_205.54_202.54_205.54_208.54_205.54_208.54_211.54_211.54_211.54_211.54_208.54_208.54_211.54_208.54_208.54_208.54_
current_tax205.54_208.54_211.54_208.54_211.54_208.54_205.54_202.54_205.54_208.54_205.54_208.54_211.54_211.54_211.54_211.54_208.54_208.54_211.54_208.54_208.54_208.54_
current_tax205.54_208.54_211.54_208.54_211.54_208.54_205.54_202.54_205.54_208.54_205.54_208.54_211.54_211.54_211.54_211.54_208.54_208.54_211.54_208.54_208.54_208.54_
current_tax508.14_546.54_584.94_546.54_584.94_546.54_584.94_546.54_584.94_546.54_584.94_623.34_584.94_584.94_584.94_584.94_623.34_623.34_584.94_546.54_546.54_546.54_
current_tax508.14_546.54_584.94_546.54_584.94_546.54_584.94_546.54_584.94_546.54_584.94_623.34_584.94_584.94_584.94_584.94_623.34_623.34_584.94_546.54_546.54_546.54_
current_tax29.3_28.82_29.3_28.82_28.34_28.82_29.3_28.82_29.3_29.78_29.3_28.82_29.3_29.3_29.3_29.3_29.78_29.78_30.26_30.74_30.74_30.74_30.74_
current_tax29.3_28.82_29.3_28.82_28.34_28.82_29.3_28.82_29.3_29.78_29.3_28.82_29.3_29.3_29.3_29.3_29.78_29.78_30.26_30.74_30.74_30.74_30.74_
current_tax29.3_28.82_29.3_28.82_28.34_28.82_29.3_28.82_29.3_29.78_29.3_28.82_29.3_29.3_29.3_29.3_29.78_29.78_30.26_30.74_30.74_30.74_30.74_
current_tax29.3_28.82_29.3_28.82_28.34_28.82_29.3_28.82_29.3_29.78_29.3_28.82_29.3_29.3_29.3_29.3_29.78_29.78_30.26_30.74_30.74_30.74_30.74_
current_tax54.22_53.02_51.82_50.62_49.42_48.22_49.42_50.62_49.42_48.22_49.42_50.62_51.82_51.82_51.82_51.82_50.62_50.62_49.42_48.22_48.22_48.22_48.22_
current_tax54.22_53.02_51.82_50.62_49.42_48.22_49.42_50.62_49.42_48.22_49.42_50.62_51.82_51.82_51.82_51.82_50.62_50.62_49.42_48.22_48.22_48.22_48.22_
current_tax54.22_53.02_51.82_50.62_49.42_48.22_49.42_50.62_49.42_48.22_49.42_50.62_51.82_51.82_51.82_51.82_50.62_50.62_49.42_48.22_48.22_48.22_48.22_
current_tax85.74_83.34_85.74_88.14_85.74_83.34_85.74_83.34_80.94_78.54_80.94_78.54_80.94_80.94_80.94_80.94_83.34_83.34_85.74_88.14_88.14_88.14_88.14_
current_tax85.74_83.34_85.74_88.14_85.74_83.34_85.74_83.34_80.94_78.54_80.94_78.54_80.94_80.94_80.94_80.94_83.34_83.34_85.74_88.14_88.14_88.14_88.14_
current_tax205.54_208.54_211.54_208.54_211.54_208.54_205.54_202.54_205.54_208.54_205.54_208.54_211.54_211.54_211.54_211.54_208.54_208.54_211.54_208.54_208.54_208.54_208.54_
current_tax205.54_208.54_211.54_208.54_211.54_208.54_205.54_202.54_205.54_208.54_205.54_208.54_211.54_211.54_211.54_211.54_208.54_208.54_211.54_208.54_208.54_208.54_208.54_
current_tax205.54_208.54_211.54_208.54_211.54_208.54_205.54_202.54_205.54_208.54_205.54_208.54_211.54_211.54_211.54_211.54_208.54_208.54_211.54_208.54_208.54_208.54_208.54_
current_tax205.54_208.54_211.54_208.54_211.54_208.54_205.54_202.54_205.54_208.54_205.54_208.54_211.54_211.54_211.54_211.54_208.54_208.54_211.54_208.54_208.54_208.54_208.54_
current_tax205.54_208.54_211.54_208.54_211.54_208.54_205.54_202.54_205.54_208.54_205.54_208.54_211.54_211.54_211.54_211.54_208.54_208.54_211.54_208.54_208.54_208.54_208.54_
current_tax205.54_208.54_211.54_208.54_211.54_208.54_205.54_202.54_205.54_208.54_205.54_208.54_211.54_211.54_211.54_211.54_208.54_208.54_211.54_208.54_208.54_208.54_208.54_
current_tax205.54_208.54_211.54_208.54_211.54_208.54_205.54_202.54_205.54_208.54_205.54_208.54_211.54_211.54_211.54_211.54_208.54_208.54_211.54_208.54_208.54_208.54_208.54_
current_tax508.14_546.54_584.94_546.54_584.94_546.54_584.94_546.54_584.94_546.54_584.94_623.34_584.94_584.94_584.94_584.94_623.34_623.34_584.94_546.54_546.54_546.54_546.54_
current_tax508.14_546.54_584.94_546.54_584.94_546.54_584.94_546.54_584.94_546.54_584.94_623.34_584.94_584.94_584.94_584.94_623.34_623.34_584.94_546.54_546.54_546.54_546.54_
current_tax29.3_28.82_29.3_28.82_28.34_28.82_29.3_28.82_29.3_29.78_29.3_28.82_29.3_29.3_29.3_29.3_29.78_29.78_30.26_30.74_30.74_30.74_30.74_30.74_
current_tax29.3_28.82_29.3_28.82_28.34_28.82_29.3_28.82_29.3_29.78_29.3_28.82_29.3_29.3_29.3_29.3_29.78_29.78_30.26_30.74_30.74_30.74_30.74_30.74_
current_tax29.3_28.82_29.3_28.82_28.34_28.82_29.3_28.82_29.3_29.78_29.3_28.82_29.3_29.3_29.3_29.3_29.78_29.78_30.26_30.74_30.74_30.74_30.74_30.74_
current_tax29.3_28.82_29.3_28.82_28.34_28.82_29.3_28.82_29.3_29.78_29.3_28.82_29.3_29.3_29.3_29.3_29.78_29.78_30.26_30.74_30.74_30.74_30.74_30.74_
current_tax54.22_53.02_51.82_50.62_49.42_48.22_49.42_50.62_49.42_48.22_49.42_50.62_51.82_51.82_51.82_51.82_50.62_50.62_49.42_48.22_48.22_48.22_48.22_48.22_
current_tax54.22_53.02_51.82_50.62_49.42_48.22_49.42_50.62_49.42_48.22_49.42_50.62_51.82_51.82_51.82_51.82_50.62_50.62_49.42_48.22_48.22_48.22_48.22_48.22_
current_tax54.22_53.02_51.82_50.62_49.42_48.22_49.42_50.62_49.42_48.22_49.42_50.62_51.82_51.82_51.82_51.82_50.62_50.62_49.42_48.22_48.22_48.22_48.22_48.22_
current_tax85.74_83.34_85.74_88.14_85.74_83.34_85.74_83.34_80.94_78.54_80.94_78.54_80.94_80.94_80.94_80.94_83.34_83.34_85.74_88.14_88.14_88.14_88.14_88.14_
current_tax85.74_83.34_85.74_88.14_85.74_83.34_85.74_83.34_80.94_78.54_80.94_78.54_80.94_80.94_80.94_80.94_83.34_83.34_85.74_88.14_88.14_88.14_88.14_88.14_
current_tax205.54_208.54_211.54_208.54_211.54_208.54_205.54_202.54_205.54_208.54_205.54_208.54_211.54_211.54_211.54_211.54_208.54_208.54_211.54_208.54_208.54_208.54_208.54_208.54_
current_tax205.54_208.54_211.54_208.54_211.54_208.54_205.54_202.54_205.54_208.54_205.54_208.54_211.54_211.54_211.54_211.54_208.54_208.54_211.54_208.54_208.54_208.54_208.54_208.54_
current_tax205.54_208.54_211.54_208.54_211.54_208.54_205.54_202.54_205.54_208.54_205.54_208.54_211.54_211.54_211.54_211.54_208.54_208.54_211.54_208.54_208.54_208.54_208.54_208.54_
current_tax205.54_208.54_211.54_208.54_211.54_208.54_205.54_202.54_205.54_208.54_205.54_208.54_211.54_211.54_211.54_211.54_208.54_208.54_211.54_208.54_208.54_208.54_208.54_208.54_
current_tax205.54_208.54_211.54_208.54_211.54_208.54_205.54_202.54_205.54_208.54_205.54_208.54_211.54_211.54_211.54_211.54_208.54_208.54_211.54_208.54_208.54_208.54_208.54_208.54_
current_tax205.54_208.54_211.54_208.54_211.54_208.54_205.54_202.54_205.54_208.54_205.54_208.54_211.54_211.54_211.54_211.54_208.54_208.54_211.54_208.54_208.54_208.54_208.54_208.54_
current_tax205.54_208.54_211.54_208.54_211.54_208.54_205.54_202.54_205.54_208.54_205.54_208.54_211.54_211.54_211.54_211.54_208.54_208.54_211.54_208.54_208.54_208.54_208.54_208.54_
current_tax508.14_546.54_584.94_546.54_584.94_546.54_584.94_546.54_584.94_546.54_584.94_623.34_584.94_584.94_584.94_584.94_623.34_623.34_584.94_546.54_546.54_546.54_546.54_546.54_
current_tax508.14_546.54_584.94_546.54_584.94_546.54_584.94_546.54_584.94_546.54_584.94_623.34_584.94_584.94_584.94_584.94_623.34_623.34_584.94_546.54_546.54_546.54_546.54_546.54_
current_tax29.3_28.82_29.3_28.82_28.34_28.82_29.3_28.82_29.3_29.78_29.3_28.82_29.3_29.3_29.3_29.3_29.78_29.78_30.26_30.74_30.74_30.74_30.74_30.74_31.22_
current_tax29.3_28.82_29.3_28.82_28.34_28.82_29.3_28.82_29.3_29.78_29.3_28.82_29.3_29.3_29.3_29.3_29.78_29.78_30.26_30.74_30.74_30.74_30.74_30.74_31.22_
current_tax29.3_28.82_29.3_28.82_28.34_28.82_29.3_28.82_29.3_29.78_29.3_28.82_29.3_29.3_29.3_29.3_29.78_29.78_30.26_30.74_30.74_30.74_30.74_30.74_31.22_
current_tax29.3_28.82_29.3_28.82_28.34_28.82_29.3_28.82_29.3_29.78_29.3_28.82_29.3_29.3_29.3_29.3_29.78_29.78_30.26_30.74_30.74_30.74_30.74_30.74_31.22_
current_tax54.22_53.02_51.82_50.62_49.42_48.22_49.42_50.62_49.42_48.22_49.42_50.62_51.82_51.82_51.82_51.82_50.62_50.62_49.42_48.22_48.22_48.22_48.22_48.22_47.02_
current_tax54.22_53.02_51.82_50.62_49.42_48.22_49.42_50.62_49.42_48.22_49.42_50.62_51.82_51.82_51.82_51.82_50.62_50.62_49.42_48.22_48.22_48.22_48.22_48.22_47.02_
current_tax54.22_53.02_51.82_50.62_49.42_48.22_49.42_50.62_49.42_48.22_49.42_50.62_51.82_51.82_51.82_51.82_50.62_50.62_49.42_48.22_48.22_48.22_48.22_48.22_47.02_
current_tax85.74_83.34_85.74_88.14_85.74_83.34_85.74_83.34_80.94_78.54_80.94_78.54_80.94_80.94_80.94_80.94_83.34_83.34_85.74_88.14_88.14_88.14_88.14_88.14_85.74_
current_tax85.74_83.34_85.74_88.14_85.74_83.34_85.74_83.34_80.94_78.54_80.94_78.54_80.94_80.94_80.94_80.94_83.34_83.34_85.74_88.14_88.14_88.14_88.14_88.14_85.74_
current_tax205.54_208.54_211.54_208.54_211.54_208.54_205.54_202.54_205.54_208.54_205.54_208.54_211.54_211.54_211.54_211.54_208.54_208.54_211.54_208.54_208.54_208.54_208.54_208.54_205.54_
current_tax205.54_208.54_211.54_208.54_211.54_208.54_205.54_202.54_205.54_208.54_205.54_208.54_211.54_211.54_211.54_211.54_208.54_208.54_211.54_208.54_208.54_208.54_208.54_208.54_205.54_
current_tax205.54_208.54_211.54_208.54_211.54_208.54_205.54_202.54_205.54_208.54_205.54_208.54_211.54_211.54_211.54_211.54_208.54_208.54_211.54_208.54_208.54_208.54_208.54_208.54_205.54_
current_tax205.54_208.54_211.54_208.54_211.54_208.54_205.54_202.54_205.54_208.54_205.54_208.54_211.54_211.54_211.54_211.54_208.54_208.54_211.54_208.54_208.54_208.54_208.54_208.54_205.54_
current_tax205.54_208.54_211.54_208.54_211.54_208.54_205.54_202.54_205.54_208.54_205.54_208.54_211.54_211.54_211.54_211.54_208.54_208.54_211.54_208.54_208.54_208.54_208.54_208.54_205.54_
current_tax205.54_208.54_211.54_208.54_211.54_208.54_205.54_202.54_205.54_208.54_205.54_208.54_211.54_211.54_211.54_211.54_208.54_208.54_211.54_208.54_208.54_208.54_208.54_208.54_205.54_
current_tax205.54_208.54_211.54_208.54_211.54_208.54_205.54_202.54_205.54_208.54_205.54_208.54_211.54_211.54_211.54_211.54_208.54_208.54_211.54_208.54_208.54_208.54_208.54_208.54_205.54_
current_tax508.14_546.54_584.94_546.54_584.94_546.54_584.94_546.54_584.94_546.54_584.94_623.34_584.94_584.94_584.94_584.94_623.34_623.34_584.94_546.54_546.54_546.54_546.54_546.54_584.94_
current_tax508.14_546.54_584.94_546.54_584.94_546.54_584.94_546.54_584.94_546.54_584.94_623.34_584.94_584.94_584.94_584.94_623.34_623.34_584.94_546.54_546.54_546.54_546.54_546.54_584.94_
current_tax29.3_28.82_29.3_28.82_28.34_28.82_29.3_28.82_29.3_29.78_29.3_28.82_29.3_29.3_29.3_29.3_29.78_29.78_30.26_30.74_30.74_30.74_30.74_30.74_31.22_31.22_
current_tax29.3_28.82_29.3_28.82_28.34_28.82_29.3_28.82_29.3_29.78_29.3_28.82_29.3_29.3_29.3_29.3_29.78_29.78_30.26_30.74_30.74_30.74_30.74_30.74_31.22_31.22_
current_tax29.3_28.82_29.3_28.82_28.34_28.82_29.3_28.82_29.3_29.78_29.3_28.82_29.3_29.3_29.3_29.3_29.78_29.78_30.26_30.74_30.74_30.74_30.74_30.74_31.22_31.22_
current_tax29.3_28.82_29.3_28.82_28.34_28.82_29.3_28.82_29.3_29.78_29.3_28.82_29.3_29.3_29.3_29.3_29.78_29.78_30.26_30.74_30.74_30.74_30.74_30.74_31.22_31.22_
current_tax54.22_53.02_51.82_50.62_49.42_48.22_49.42_50.62_49.42_48.22_49.42_50.62_51.82_51.82_51.82_51.82_50.62_50.62_49.42_48.22_48.22_48.22_48.22_48.22_47.02_47.02_
current_tax54.22_53.02_51.82_50.62_49.42_48.22_49.42_50.62_49.42_48.22_49.42_50.62_51.82_51.82_51.82_51.82_50.62_50.62_49.42_48.22_48.22_48.22_48.22_48.22_47.02_47.02_
current_tax54.22_53.02_51.82_50.62_49.42_48.22_49.42_50.62_49.42_48.22_49.42_50.62_51.82_51.82_51.82_51.82_50.62_50.62_49.42_48.22_48.22_48.22_48.22_48.22_47.02_47.02_
current_tax85.74_83.34_85.74_88.14_85.74_83.34_85.74_83.34_80.94_78.54_80.94_78.54_80.94_80.94_80.94_80.94_83.34_83.34_85.74_88.14_88.14_88.14_88.14_88.14_85.74_85.74_
current_tax85.74_83.34_85.74_88.14_85.74_83.34_85.74_83.34_80.94_78.54_80.94_78.54_80.94_80.94_80.94_80.94_83.34_83.34_85.74_88.14_88.14_88.14_88.14_88.14_85.74_85.74_
current_tax205.54_208.54_211.54_208.54_211.54_208.54_205.54_202.54_205.54_208.54_205.54_208.54_211.54_211.54_211.54_211.54_208.54_208.54_211.54_208.54_208.54_208.54_208.54_208.54_205.54_205.54_
current_tax205.54_208.54_211.54_208.54_211.54_208.54_205.54_202.54_205.54_208.54_205.54_208.54_211.54_211.54_211.54_211.54_208.54_208.54_211.54_208.54_208.54_208.54_208.54_208.54_205.54_205.54_
current_tax205.54_208.54_211.54_208.54_211.54_208.54_205.54_202.54_205.54_208.54_205.54_208.54_211.54_211.54_211.54_211.54_208.54_208.54_211.54_208.54_208.54_208.54_208.54_208.54_205.54_205.54_
current_tax205.54_208.54_211.54_208.54_211.54_208.54_205.54_202.54_205.54_208.54_205.54_208.54_211.54_211.54_211.54_211.54_208.54_208.54_211.54_208.54_208.54_208.54_208.54_208.54_205.54_205.54_
current_tax205.54_208.54_211.54_208.54_211.54_208.54_205.54_202.54_205.54_208.54_205.54_208.54_211.54_211.54_211.54_211.54_208.54_208.54_211.54_208.54_208.54_208.54_208.54_208.54_205.54_205.54_
current_tax205.54_208.54_211.54_208.54_211.54_208.54_205.54_202.54_205.54_208.54_205.54_208.54_211.54_211.54_211.54_211.54_208.54_208.54_211.54_208.54_208.54_208.54_208.54_208.54_205.54_205.54_
current_tax205.54_208.54_211.54_208.54_211.54_208.54_205.54_202.54_205.54_208.54_205.54_208.54_211.54_211.54_211.54_211.54_208.54_208.54_211.54_208.54_208.54_208.54_208.54_208.54_205.54_205.54_
current_tax508.14_546.54_584.94_546.54_584.94_546.54_584.94_546.54_584.94_546.54_584.94_623.34_584.94_584.94_584.94_584.94_623.34_623.34_584.94_546.54_546.54_546.54_546.54_546.54_584.94_584.94_
current_tax508.14_546.54_584.94_546.54_584.94_546.54_584.94_546.54_584.94_546.54_584.94_623.34_584.94_584.94_584.94_584.94_623.34_623.34_584.94_546.54_546.54_546.54_546.54_546.54_584.94_584.94_
current_tax29.3_28.82_29.3_28.82_28.34_28.82_29.3_28.82_29.3_29.78_29.3_28.82_29.3_29.3_29.3_29.3_29.78_29.78_30.26_30.74_30.74_30.74_30.74_30.74_31.22_31.22_31.7_
current_tax29.3_28.82_29.3_28.82_28.34_28.82_29.3_28.82_29.3_29.78_29.3_28.82_29.3_29.3_29.3_29.3_29.78_29.78_30.26_30.74_30.74_30.74_30.74_30.74_31.22_31.22_31.7_
current_tax29.3_28.82_29.3_28.82_28.34_28.82_29.3_28.82_29.3_29.78_29.3_28.82_29.3_29.3_29.3_29.3_29.78_29.78_30.26_30.74_30.74_30.74_30.74_30.74_31.22_31.22_31.7_
current_tax29.3_28.82_29.3_28.82_28.34_28.82_29.3_28.82_29.3_29.78_29.3_28.82_29.3_29.3_29.3_29.3_29.78_29.78_30.26_30.74_30.74_30.74_30.74_30.74_31.22_31.22_31.7_
current_tax54.22_53.02_51.82_50.62_49.42_48.22_49.42_50.62_49.42_48.22_49.42_50.62_51.82_51.82_51.82_51.82_50.62_50.62_49.42_48.22_48.22_48.22_48.22_48.22_47.02_47.02_48.22_
current_tax54.22_53.02_51.82_50.62_49.42_48.22_49.42_50.62_49.42_48.22_49.42_50.62_51.82_51.82_51.82_51.82_50.62_50.62_49.42_48.22_48.22_48.22_48.22_48.22_47.02_47.02_48.22_
current_tax54.22_53.02_51.82_50.62_49.42_48.22_49.42_50.62_49.42_48.22_49.42_50.62_51.82_51.82_51.82_51.82_50.62_50.62_49.42_48.22_48.22_48.22_48.22_48.22_47.02_47.02_48.22_
current_tax85.74_83.34_85.74_88.14_85.74_83.34_85.74_83.34_80.94_78.54_80.94_78.54_80.94_80.94_80.94_80.94_83.34_83.34_85.74_88.14_88.14_88.14_88.14_88.14_85.74_85.74_83.34_
current_tax85.74_83.34_85.74_88.14_85.74_83.34_85.74_83.34_80.94_78.54_80.94_78.54_80.94_80.94_80.94_80.94_83.34_83.34_85.74_88.14_88.14_88.14_88.14_88.14_85.74_85.74_83.34_
current_tax205.54_208.54_211.54_208.54_211.54_208.54_205.54_202.54_205.54_208.54_205.54_208.54_211.54_211.54_211.54_211.54_208.54_208.54_211.54_208.54_208.54_208.54_208.54_208.54_205.54_205.54_202.54_
current_tax205.54_208.54_211.54_208.54_211.54_208.54_205.54_202.54_205.54_208.54_205.54_208.54_211.54_211.54_211.54_211.54_208.54_208.54_211.54_208.54_208.54_208.54_208.54_208.54_205.54_205.54_202.54_
current_tax205.54_208.54_211.54_208.54_211.54_208.54_205.54_202.54_205.54_208.54_205.54_208.54_211.54_211.54_211.54_211.54_208.54_208.54_211.54_208.54_208.54_208.54_208.54_208.54_205.54_205.54_202.54_
current_tax205.54_208.54_211.54_208.54_211.54_208.54_205.54_202.54_205.54_208.54_205.54_208.54_211.54_211.54_211.54_211.54_208.54_208.54_211.54_208.54_208.54_208.54_208.54_208.54_205.54_205.54_202.54_
current_tax205.54_208.54_211.54_208.54_211.54_208.54_205.54_202.54_205.54_208.54_205.54_208.54_211.54_211.54_211.54_211.54_208.54_208.54_211.54_208.54_208.54_208.54_208.54_208.54_205.54_205.54_202.54_
current_tax205.54_208.54_211.54_208.54_211.54_208.54_205.54_202.54_205.54_208.54_205.54_208.54_211.54_211.54_211.54_211.54_208.54_208.54_211.54_208.54_208.54_208.54_208.54_208.54_205.54_205.54_202.54_
current_tax205.54_208.54_211.54_208.54_211.54_208.54_205.54_202.54_205.54_208.54_205.54_208.54_211.54_211.54_211.54_211.54_208.54_208.54_211.54_208.54_208.54_208.54_208.54_208.54_205.54_205.54_202.54_
current_tax508.14_546.54_584.94_546.54_584.94_546.54_584.94_546.54_584.94_546.54_584.94_623.34_584.94_584.94_584.94_584.94_623.34_623.34_584.94_546.54_546.54_546.54_546.54_546.54_584.94_584.94_546.54_
current_tax508.14_546.54_584.94_546.54_584.94_546.54_584.94_546.54_584.94_546.54_584.94_623.34_584.94_584.94_584.94_584.94_623.34_623.34_584.94_546.54_546.54_546.54_546.54_546.54_584.94_584.94_546.54_
